[debug] [2020-10-17T14:06:49.569Z] ----------------------------------------------------------------------
[debug] [2020-10-17T14:06:49.570Z] Command:       C:\Program Files\nodejs\node.exe C:\Users\BluRRayS\AppData\Roaming\npm\node_modules\firebase-tools\lib\bin\firebase.js init
[debug] [2020-10-17T14:06:49.570Z] CLI Version:   8.11.2
[debug] [2020-10-17T14:06:49.570Z] Platform:      win32
[debug] [2020-10-17T14:06:49.571Z] Node Version:  v12.16.1
[debug] [2020-10-17T14:06:49.572Z] Time:          Sat Oct 17 2020 16:06:49 GMT+0200 (GMT+02:00)
[debug] [2020-10-17T14:06:49.572Z] ----------------------------------------------------------------------
[debug] [2020-10-17T14:06:49.572Z] 
[debug] [2020-10-17T14:06:49.581Z] > command requires scopes: ["email","openid","https://www.googleapis.com/auth/cloudplatformprojects.readonly","https://www.googleapis.com/auth/firebase","https://www.googleapis.com/auth/cloud-platform"]
[debug] [2020-10-17T14:06:49.581Z] > authorizing via signed-in user
[info] 
     ######## #### ########  ######## ########     ###     ######  ########
     ##        ##  ##     ## ##       ##     ##  ##   ##  ##       ##
     ######    ##  ########  ######   ########  #########  ######  ######
     ##        ##  ##    ##  ##       ##     ## ##     ##       ## ##
     ##       #### ##     ## ######## ########  ##     ##  ######  ########

You're about to initialize a Firebase project in this directory:

  C:\Users\BluRRayS\Documents\proostwebapp

Before we get started, keep in mind:

  * You are initializing in an existing Firebase project directory

